<?xml version="1.0" encoding="UTF-8"?>
<robot generator="Robot 4.0.3 (Python 3.9.5 on win32)" generated="20210809 17:10:56.740" rpa="false" schemaversion="2">
<suite id="s1" name="Merchant Forget Pass" source="C:\Users\tromi\PycharmProjects\Robot_framework\Robotframework\Paypipes\Paypipes_Develop_Merchant\merchant_forget_pass.robot">
<test id="s1-t1" name="Forget Password">
<kw name="Open Browser" library="SeleniumLibrary">
<arg>${url}</arg>
<arg>${browser}</arg>
<doc>Opens a new browser instance to the optional ``url``.</doc>
<msg timestamp="20210809 17:10:56.863" level="INFO">Opening browser 'chrome' to base url 'https://pms.develop.paypipes.net/merchant/login'.</msg>
<status status="PASS" starttime="20210809 17:10:56.862" endtime="20210809 17:11:05.008"/>
</kw>
<kw name="Maximize Browser Window" library="SeleniumLibrary">
<doc>Maximizes current browser window.</doc>
<status status="PASS" starttime="20210809 17:11:05.009" endtime="20210809 17:11:05.150"/>
</kw>
<kw name="Sleep" library="BuiltIn">
<arg>2</arg>
<doc>Pauses the test executed for the given time.</doc>
<msg timestamp="20210809 17:11:07.159" level="INFO">Slept 2 seconds</msg>
<status status="PASS" starttime="20210809 17:11:05.151" endtime="20210809 17:11:07.159"/>
</kw>
<kw name="Click Element" library="SeleniumLibrary">
<arg>xpath=/html/body/div[1]/div/div[1]/div[2]/form/div[2]/div[2]/div/a</arg>
<doc>Click the element identified by ``locator``.</doc>
<msg timestamp="20210809 17:11:07.160" level="INFO">Clicking element 'xpath=/html/body/div[1]/div/div[1]/div[2]/form/div[2]/div[2]/div/a'.</msg>
<status status="PASS" starttime="20210809 17:11:07.159" endtime="20210809 17:11:08.954"/>
</kw>
<kw name="Click Element" library="SeleniumLibrary">
<arg>name:email</arg>
<doc>Click the element identified by ``locator``.</doc>
<msg timestamp="20210809 17:11:08.955" level="INFO">Clicking element 'name:email'.</msg>
<status status="PASS" starttime="20210809 17:11:08.955" endtime="20210809 17:11:09.016"/>
</kw>
<kw name="Sleep" library="BuiltIn">
<arg>3</arg>
<doc>Pauses the test executed for the given time.</doc>
<msg timestamp="20210809 17:11:12.031" level="INFO">Slept 3 seconds</msg>
<status status="PASS" starttime="20210809 17:11:09.017" endtime="20210809 17:11:12.031"/>
</kw>
<kw name="Input Text" library="SeleniumLibrary">
<arg>xpath://*[@id="email"]</arg>
<arg>tromi@geekpicker.com</arg>
<doc>Types the given ``text`` into the text field identified by ``locator``.</doc>
<msg timestamp="20210809 17:11:12.033" level="INFO">Typing text 'tromi@geekpicker.com' into text field 'xpath://*[@id="email"]'.</msg>
<status status="PASS" starttime="20210809 17:11:12.033" endtime="20210809 17:11:12.100"/>
</kw>
<kw name="Sleep" library="BuiltIn">
<arg>3</arg>
<doc>Pauses the test executed for the given time.</doc>
<msg timestamp="20210809 17:11:15.104" level="INFO">Slept 3 seconds</msg>
<status status="PASS" starttime="20210809 17:11:12.100" endtime="20210809 17:11:15.104"/>
</kw>
<kw name="Click Button" library="SeleniumLibrary">
<arg>Send Reset Password Link</arg>
<doc>Clicks the button identified by ``locator``.</doc>
<msg timestamp="20210809 17:11:15.107" level="INFO">Clicking button 'Send Reset Password Link'.</msg>
<status status="PASS" starttime="20210809 17:11:15.105" endtime="20210809 17:11:18.199"/>
</kw>
<kw name="Close Browser" library="SeleniumLibrary">
<doc>Closes the current browser.</doc>
<status status="PASS" starttime="20210809 17:11:18.199" endtime="20210809 17:11:20.311"/>
</kw>
<status status="PASS" starttime="20210809 17:10:56.862" endtime="20210809 17:11:20.312"/>
</test>
<status status="PASS" starttime="20210809 17:10:56.742" endtime="20210809 17:11:20.314"/>
</suite>
<statistics>
<total>
<stat pass="1" fail="0" skip="0">All Tests</stat>
</total>
<tag>
</tag>
<suite>
<stat pass="1" fail="0" skip="0" id="s1" name="Merchant Forget Pass">Merchant Forget Pass</stat>
</suite>
</statistics>
<errors>
</errors>
</robot>
