<?xml version="1.0" encoding="UTF-8"?>
<robot generator="Robot 4.0.3 (Python 3.9.5 on win32)" generated="20210809 23:33:35.621" rpa="false" schemaversion="2">
<suite id="s1" name="Admin Forget Pass" source="C:\Users\tromi\PycharmProjects\Github Project\robocop\.idea\Automation\Paypipes\Paypipes_Develop_Admin\admin_forget_pass.robot">
<test id="s1-t1" name="Forget Password">
<kw name="Open Browser" library="SeleniumLibrary">
<arg>${url}</arg>
<arg>${browser}</arg>
<doc>Opens a new browser instance to the optional ``url``.</doc>
<msg timestamp="20210809 23:33:35.785" level="INFO">Opening browser 'chrome' to base url 'https://pms.develop.paypipes.net/admin/login'.</msg>
<status status="PASS" starttime="20210809 23:33:35.785" endtime="20210809 23:33:43.472"/>
</kw>
<kw name="Maximize Browser Window" library="SeleniumLibrary">
<doc>Maximizes current browser window.</doc>
<status status="PASS" starttime="20210809 23:33:43.472" endtime="20210809 23:33:43.622"/>
</kw>
<kw name="Sleep" library="BuiltIn">
<arg>2</arg>
<doc>Pauses the test executed for the given time.</doc>
<msg timestamp="20210809 23:33:45.624" level="INFO">Slept 2 seconds</msg>
<status status="PASS" starttime="20210809 23:33:43.622" endtime="20210809 23:33:45.624"/>
</kw>
<kw name="Click Element" library="SeleniumLibrary">
<arg>xpath=/html/body/div[1]/div/div[1]/div[1]/form/div[2]/div[2]/div/a</arg>
<doc>Click the element identified by ``locator``.</doc>
<msg timestamp="20210809 23:33:45.624" level="INFO">Clicking element 'xpath=/html/body/div[1]/div/div[1]/div[1]/form/div[2]/div[2]/div/a'.</msg>
<status status="PASS" starttime="20210809 23:33:45.624" endtime="20210809 23:33:48.750"/>
</kw>
<kw name="Click Element" library="SeleniumLibrary">
<arg>name:email</arg>
<doc>Click the element identified by ``locator``.</doc>
<msg timestamp="20210809 23:33:48.750" level="INFO">Clicking element 'name:email'.</msg>
<status status="PASS" starttime="20210809 23:33:48.750" endtime="20210809 23:33:48.833"/>
</kw>
<kw name="Sleep" library="BuiltIn">
<arg>3</arg>
<doc>Pauses the test executed for the given time.</doc>
<msg timestamp="20210809 23:33:51.844" level="INFO">Slept 3 seconds</msg>
<status status="PASS" starttime="20210809 23:33:48.836" endtime="20210809 23:33:51.844"/>
</kw>
<kw name="Input Text" library="SeleniumLibrary">
<arg>xpath://*[@id="email"]</arg>
<arg>tromi@geekpicker.com</arg>
<doc>Types the given ``text`` into the text field identified by ``locator``.</doc>
<msg timestamp="20210809 23:33:51.844" level="INFO">Typing text 'tromi@geekpicker.com' into text field 'xpath://*[@id="email"]'.</msg>
<status status="PASS" starttime="20210809 23:33:51.844" endtime="20210809 23:33:51.970"/>
</kw>
<kw name="Sleep" library="BuiltIn">
<arg>3</arg>
<doc>Pauses the test executed for the given time.</doc>
<msg timestamp="20210809 23:33:54.982" level="INFO">Slept 3 seconds</msg>
<status status="PASS" starttime="20210809 23:33:51.970" endtime="20210809 23:33:54.982"/>
</kw>
<kw name="Click Button" library="SeleniumLibrary">
<arg>Send Reset Password Link</arg>
<doc>Clicks the button identified by ``locator``.</doc>
<msg timestamp="20210809 23:33:54.982" level="INFO">Clicking button 'Send Reset Password Link'.</msg>
<status status="PASS" starttime="20210809 23:33:54.982" endtime="20210809 23:33:57.940"/>
</kw>
<kw name="Close Browser" library="SeleniumLibrary">
<doc>Closes the current browser.</doc>
<status status="PASS" starttime="20210809 23:33:57.940" endtime="20210809 23:34:00.099"/>
</kw>
<status status="PASS" starttime="20210809 23:33:35.785" endtime="20210809 23:34:00.099"/>
</test>
<status status="PASS" starttime="20210809 23:33:35.623" endtime="20210809 23:34:00.099"/>
</suite>
<statistics>
<total>
<stat pass="1" fail="0" skip="0">All Tests</stat>
</total>
<tag>
</tag>
<suite>
<stat pass="1" fail="0" skip="0" id="s1" name="Admin Forget Pass">Admin Forget Pass</stat>
</suite>
</statistics>
<errors>
</errors>
</robot>
