<?xml version="1.0" encoding="UTF-8"?>
<robot generator="Robot 4.0.3 (Python 3.9.5 on win32)" generated="20210809 15:51:36.145" rpa="false" schemaversion="2">
<suite id="s1" name="Partner Register" source="C:\Users\tromi\PycharmProjects\Robot_framework\Robotframework\Paypipes\Paypipes_Develop_Partner\partner_register.robot">
<test id="s1-t1" name="Register">
<kw name="Open Browser" library="SeleniumLibrary">
<arg>${url}</arg>
<arg>${browser}</arg>
<doc>Opens a new browser instance to the optional ``url``.</doc>
<msg timestamp="20210809 15:51:36.289" level="INFO">Opening browser 'chrome' to base url 'https://pms.develop.paypipes.net/partner/login'.</msg>
<status status="PASS" starttime="20210809 15:51:36.289" endtime="20210809 15:51:43.993"/>
</kw>
<kw name="Maximize Browser Window" library="SeleniumLibrary">
<doc>Maximizes current browser window.</doc>
<status status="PASS" starttime="20210809 15:51:44.001" endtime="20210809 15:51:44.139"/>
</kw>
<kw name="Click Link" library="SeleniumLibrary">
<arg>Register</arg>
<doc>Clicks a link identified by ``locator``.</doc>
<msg timestamp="20210809 15:51:44.139" level="INFO">Clicking link 'Register'.</msg>
<status status="PASS" starttime="20210809 15:51:44.139" endtime="20210809 15:51:46.708"/>
</kw>
<kw name="Click Element" library="SeleniumLibrary">
<arg>id:name</arg>
<doc>Click the element identified by ``locator``.</doc>
<msg timestamp="20210809 15:51:46.708" level="INFO">Clicking element 'id:name'.</msg>
<status status="PASS" starttime="20210809 15:51:46.708" endtime="20210809 15:51:46.789"/>
</kw>
<kw name="Input Text" library="SeleniumLibrary">
<arg>xpath://*[@id="name"]</arg>
<arg>${company_name}</arg>
<doc>Types the given ``text`` into the text field identified by ``locator``.</doc>
<msg timestamp="20210809 15:51:46.789" level="INFO">Typing text 'Geek picker' into text field 'xpath://*[@id="name"]'.</msg>
<status status="PASS" starttime="20210809 15:51:46.789" endtime="20210809 15:51:46.897"/>
</kw>
<kw name="Click Element" library="SeleniumLibrary">
<arg>id:phone</arg>
<doc>Click the element identified by ``locator``.</doc>
<msg timestamp="20210809 15:51:46.897" level="INFO">Clicking element 'id:phone'.</msg>
<status status="PASS" starttime="20210809 15:51:46.897" endtime="20210809 15:51:46.984"/>
</kw>
<kw name="Input Text" library="SeleniumLibrary">
<arg>xpath://*[@id="phone"]</arg>
<arg>${phone_number}</arg>
<doc>Types the given ``text`` into the text field identified by ``locator``.</doc>
<msg timestamp="20210809 15:51:46.984" level="INFO">Typing text '00000000000' into text field 'xpath://*[@id="phone"]'.</msg>
<status status="PASS" starttime="20210809 15:51:46.984" endtime="20210809 15:51:47.094"/>
</kw>
<kw name="Click Element" library="SeleniumLibrary">
<arg>id:street</arg>
<doc>Click the element identified by ``locator``.</doc>
<msg timestamp="20210809 15:51:47.102" level="INFO">Clicking element 'id:street'.</msg>
<status status="PASS" starttime="20210809 15:51:47.102" endtime="20210809 15:51:47.179"/>
</kw>
<kw name="Input Text" library="SeleniumLibrary">
<arg>xpath://*[@id="street"]</arg>
<arg>${street}</arg>
<doc>Types the given ``text`` into the text field identified by ``locator``.</doc>
<msg timestamp="20210809 15:51:47.179" level="INFO">Typing text '100' into text field 'xpath://*[@id="street"]'.</msg>
<status status="PASS" starttime="20210809 15:51:47.179" endtime="20210809 15:51:47.267"/>
</kw>
<kw name="Click Element" library="SeleniumLibrary">
<arg>id:city</arg>
<doc>Click the element identified by ``locator``.</doc>
<msg timestamp="20210809 15:51:47.267" level="INFO">Clicking element 'id:city'.</msg>
<status status="PASS" starttime="20210809 15:51:47.267" endtime="20210809 15:51:47.344"/>
</kw>
<kw name="Input Text" library="SeleniumLibrary">
<arg>xpath://*[@id="city"]</arg>
<arg>${city}</arg>
<doc>Types the given ``text`` into the text field identified by ``locator``.</doc>
<msg timestamp="20210809 15:51:47.344" level="INFO">Typing text 'Dhaka' into text field 'xpath://*[@id="city"]'.</msg>
<status status="PASS" starttime="20210809 15:51:47.344" endtime="20210809 15:51:47.450"/>
</kw>
<kw name="Click Element" library="SeleniumLibrary">
<arg>id:state</arg>
<doc>Click the element identified by ``locator``.</doc>
<msg timestamp="20210809 15:51:47.456" level="INFO">Clicking element 'id:state'.</msg>
<status status="PASS" starttime="20210809 15:51:47.456" endtime="20210809 15:51:47.528"/>
</kw>
<kw name="Input Text" library="SeleniumLibrary">
<arg>xpath://*[@id="state"]</arg>
<arg>${state}</arg>
<doc>Types the given ``text`` into the text field identified by ``locator``.</doc>
<msg timestamp="20210809 15:51:47.528" level="INFO">Typing text 'Bangladesh' into text field 'xpath://*[@id="state"]'.</msg>
<status status="PASS" starttime="20210809 15:51:47.528" endtime="20210809 15:51:47.627"/>
</kw>
<kw name="Select From List By Label" library="SeleniumLibrary">
<arg>country</arg>
<arg>Bangladesh</arg>
<doc>Selects options from selection list ``locator`` by ``labels``.</doc>
<msg timestamp="20210809 15:51:47.627" level="INFO">Selecting options from selection list 'country' by label Bangladesh.</msg>
<status status="PASS" starttime="20210809 15:51:47.627" endtime="20210809 15:51:47.742"/>
</kw>
<kw name="Click Element" library="SeleniumLibrary">
<arg>id:post_code</arg>
<doc>Click the element identified by ``locator``.</doc>
<msg timestamp="20210809 15:51:47.750" level="INFO">Clicking element 'id:post_code'.</msg>
<status status="PASS" starttime="20210809 15:51:47.742" endtime="20210809 15:51:47.827"/>
</kw>
<kw name="Input Text" library="SeleniumLibrary">
<arg>xpath://*[@id="post_code"]</arg>
<arg>${post_code}</arg>
<doc>Types the given ``text`` into the text field identified by ``locator``.</doc>
<msg timestamp="20210809 15:51:47.829" level="INFO">Typing text '1212' into text field 'xpath://*[@id="post_code"]'.</msg>
<status status="PASS" starttime="20210809 15:51:47.828" endtime="20210809 15:51:47.909"/>
</kw>
<kw name="Click Element" library="SeleniumLibrary">
<arg>id:email</arg>
<doc>Click the element identified by ``locator``.</doc>
<msg timestamp="20210809 15:51:47.909" level="INFO">Clicking element 'id:email'.</msg>
<status status="PASS" starttime="20210809 15:51:47.909" endtime="20210809 15:51:47.979"/>
</kw>
<kw name="Input Text" library="SeleniumLibrary">
<arg>xpath://*[@id="email"]</arg>
<arg>${email}</arg>
<doc>Types the given ``text`` into the text field identified by ``locator``.</doc>
<msg timestamp="20210809 15:51:47.979" level="INFO">Typing text 'Demo1@geekpicker.com' into text field 'xpath://*[@id="email"]'.</msg>
<status status="PASS" starttime="20210809 15:51:47.979" endtime="20210809 15:51:48.082"/>
</kw>
<kw name="Click Element" library="SeleniumLibrary">
<arg>id:website</arg>
<doc>Click the element identified by ``locator``.</doc>
<msg timestamp="20210809 15:51:48.082" level="INFO">Clicking element 'id:website'.</msg>
<status status="PASS" starttime="20210809 15:51:48.082" endtime="20210809 15:51:48.160"/>
</kw>
<kw name="Input Text" library="SeleniumLibrary">
<arg>xpath://*[@id="website"]</arg>
<arg>${website}</arg>
<doc>Types the given ``text`` into the text field identified by ``locator``.</doc>
<msg timestamp="20210809 15:51:48.160" level="INFO">Typing text 'www.GeekPicker.com' into text field 'xpath://*[@id="website"]'.</msg>
<status status="PASS" starttime="20210809 15:51:48.160" endtime="20210809 15:51:48.264"/>
</kw>
<kw name="Click Element" library="SeleniumLibrary">
<arg>id:password</arg>
<doc>Click the element identified by ``locator``.</doc>
<msg timestamp="20210809 15:51:48.264" level="INFO">Clicking element 'id:password'.</msg>
<status status="PASS" starttime="20210809 15:51:48.264" endtime="20210809 15:51:48.342"/>
</kw>
<kw name="Input Text" library="SeleniumLibrary">
<arg>xpath://*[@id="password"]</arg>
<arg>${password}</arg>
<doc>Types the given ``text`` into the text field identified by ``locator``.</doc>
<msg timestamp="20210809 15:51:48.342" level="INFO">Typing text 'Tlksadl@121231' into text field 'xpath://*[@id="password"]'.</msg>
<status status="PASS" starttime="20210809 15:51:48.342" endtime="20210809 15:51:48.454"/>
</kw>
<kw name="Click Element" library="SeleniumLibrary">
<arg>id:password-confirm</arg>
<doc>Click the element identified by ``locator``.</doc>
<msg timestamp="20210809 15:51:48.454" level="INFO">Clicking element 'id:password-confirm'.</msg>
<status status="PASS" starttime="20210809 15:51:48.454" endtime="20210809 15:51:48.525"/>
</kw>
<kw name="Input Text" library="SeleniumLibrary">
<arg>xpath://*[@id="password-confirm"]</arg>
<arg>${password-confirm}</arg>
<doc>Types the given ``text`` into the text field identified by ``locator``.</doc>
<msg timestamp="20210809 15:51:48.525" level="INFO">Typing text 'Tlksadl@121231' into text field 'xpath://*[@id="password-confirm"]'.</msg>
<status status="PASS" starttime="20210809 15:51:48.525" endtime="20210809 15:51:48.624"/>
</kw>
<kw name="Wait Until Element Is Visible" library="SeleniumLibrary">
<arg>xpath:/html/body/div[1]/div/div[1]/div[2]</arg>
<doc>Waits until the element ``locator`` is visible.</doc>
<status status="PASS" starttime="20210809 15:51:48.624" endtime="20210809 15:51:48.671"/>
</kw>
<kw name="Select Checkbox" library="SeleniumLibrary">
<arg>name:terms</arg>
<doc>Selects the checkbox identified by ``locator``.</doc>
<msg timestamp="20210809 15:51:48.673" level="INFO">Selecting checkbox 'name:terms'.</msg>
<kw name="Capture Page Screenshot" library="SeleniumLibrary">
<doc>Takes a screenshot of the current page and embeds it into a log file.</doc>
<msg timestamp="20210809 15:51:50.181" level="INFO" html="true">&lt;/td&gt;&lt;/tr&gt;&lt;tr&gt;&lt;td colspan="3"&gt;&lt;a href="selenium-screenshot-3.png"&gt;&lt;img src="selenium-screenshot-3.png" width="800px"&gt;&lt;/a&gt;</msg>
<status status="PASS" starttime="20210809 15:51:49.804" endtime="20210809 15:51:50.181"/>
</kw>
<msg timestamp="20210809 15:51:50.188" level="FAIL">ElementClickInterceptedException: Message: element click intercepted: Element &lt;input type="checkbox" name="terms" class="rem-checkbox"&gt; is not clickable at point (53, 538). Other element would receive the click: &lt;div class="row bs-reset"&gt;...&lt;/div&gt;
  (Session info: chrome=92.0.4515.131)
</msg>
<status status="FAIL" starttime="20210809 15:51:48.673" endtime="20210809 15:51:50.188"/>
</kw>
<kw name="Click Button" library="SeleniumLibrary">
<arg>Register</arg>
<doc>Clicks the button identified by ``locator``.</doc>
<status status="NOT RUN" starttime="20210809 15:51:50.189" endtime="20210809 15:51:50.189"/>
</kw>
<kw name="Close Browser" library="SeleniumLibrary">
<doc>Closes the current browser.</doc>
<status status="NOT RUN" starttime="20210809 15:51:50.189" endtime="20210809 15:51:50.189"/>
</kw>
<status status="FAIL" starttime="20210809 15:51:36.289" endtime="20210809 15:51:50.189">ElementClickInterceptedException: Message: element click intercepted: Element &lt;input type="checkbox" name="terms" class="rem-checkbox"&gt; is not clickable at point (53, 538). Other element would receive the click: &lt;div class="row bs-reset"&gt;...&lt;/div&gt;
  (Session info: chrome=92.0.4515.131)
</status>
</test>
<status status="FAIL" starttime="20210809 15:51:36.145" endtime="20210809 15:51:50.189"/>
</suite>
<statistics>
<total>
<stat pass="0" fail="1" skip="0">All Tests</stat>
</total>
<tag>
</tag>
<suite>
<stat pass="0" fail="1" skip="0" id="s1" name="Partner Register">Partner Register</stat>
</suite>
</statistics>
<errors>
</errors>
</robot>
