<?xml version="1.0" encoding="UTF-8"?>
<robot generator="Robot 4.0.3 (Python 3.9.5 on win32)" generated="20210809 16:51:50.974" rpa="false" schemaversion="2">
<suite id="s1" name="Psp Login" source="C:\Users\tromi\PycharmProjects\Robot_framework\Robotframework\Paypipes\Paypipes_Develop_Psp\psp_login.robot">
<test id="s1-t1" name="Login Test">
<kw name="Open Browser" library="SeleniumLibrary">
<arg>${url}</arg>
<arg>${browser}</arg>
<doc>Opens a new browser instance to the optional ``url``.</doc>
<msg timestamp="20210809 16:51:51.099" level="INFO">Opening browser 'chrome' to base url 'https://pms.develop.paypipes.net/psp/login'.</msg>
<status status="PASS" starttime="20210809 16:51:51.098" endtime="20210809 16:51:58.968"/>
</kw>
<kw name="Click Element" library="SeleniumLibrary">
<arg>name:email</arg>
<doc>Click the element identified by ``locator``.</doc>
<msg timestamp="20210809 16:51:58.971" level="INFO">Clicking element 'name:email'.</msg>
<status status="PASS" starttime="20210809 16:51:58.970" endtime="20210809 16:51:59.013"/>
</kw>
<kw name="Input Text" library="SeleniumLibrary">
<arg>xpath=/html/body/div[1]/div/div[1]/div[1]/form/div[1]/div[1]/input</arg>
<arg>${email}</arg>
<doc>Types the given ``text`` into the text field identified by ``locator``.</doc>
<msg timestamp="20210809 16:51:59.014" level="INFO">Typing text 'tromi@geekpicker.com' into text field 'xpath=/html/body/div[1]/div/div[1]/div[1]/form/div[1]/div[1]/input'.</msg>
<status status="PASS" starttime="20210809 16:51:59.014" endtime="20210809 16:51:59.061"/>
</kw>
<kw name="Click Element" library="SeleniumLibrary">
<arg>name:password</arg>
<doc>Click the element identified by ``locator``.</doc>
<msg timestamp="20210809 16:51:59.061" level="INFO">Clicking element 'name:password'.</msg>
<status status="PASS" starttime="20210809 16:51:59.061" endtime="20210809 16:51:59.093"/>
</kw>
<kw name="Input Text" library="SeleniumLibrary">
<arg>xpath=/html/body/div[1]/div/div[1]/div[1]/form/div[1]/div[2]/input</arg>
<arg>${password}</arg>
<doc>Types the given ``text`` into the text field identified by ``locator``.</doc>
<msg timestamp="20210809 16:51:59.093" level="INFO">Typing text '123456' into text field 'xpath=/html/body/div[1]/div/div[1]/div[1]/form/div[1]/div[2]/input'.</msg>
<status status="PASS" starttime="20210809 16:51:59.093" endtime="20210809 16:51:59.135"/>
</kw>
<kw name="Sleep" library="BuiltIn">
<arg>3</arg>
<doc>Pauses the test executed for the given time.</doc>
<msg timestamp="20210809 16:52:02.149" level="INFO">Slept 3 seconds</msg>
<status status="PASS" starttime="20210809 16:51:59.136" endtime="20210809 16:52:02.149"/>
</kw>
<kw name="Click Button" library="SeleniumLibrary">
<arg>Login</arg>
<doc>Clicks the button identified by ``locator``.</doc>
<msg timestamp="20210809 16:52:02.151" level="INFO">Clicking button 'Login'.</msg>
<status status="PASS" starttime="20210809 16:52:02.150" endtime="20210809 16:52:02.218"/>
</kw>
<kw name="Close Browser" library="SeleniumLibrary">
<doc>Closes the current browser.</doc>
<status status="PASS" starttime="20210809 16:52:02.218" endtime="20210809 16:52:04.343"/>
</kw>
<kw name="Log To Console" library="BuiltIn">
<doc>Logs the given message to the console.</doc>
<msg timestamp="20210809 16:52:04.345" level="FAIL">Keyword 'BuiltIn.Log To Console' expected 1 to 3 arguments, got 0.</msg>
<status status="FAIL" starttime="20210809 16:52:04.345" endtime="20210809 16:52:04.345"/>
</kw>
<status status="FAIL" starttime="20210809 16:51:51.098" endtime="20210809 16:52:04.347">Keyword 'BuiltIn.Log To Console' expected 1 to 3 arguments, got 0.</status>
</test>
<status status="FAIL" starttime="20210809 16:51:50.975" endtime="20210809 16:52:04.350"/>
</suite>
<statistics>
<total>
<stat pass="0" fail="1" skip="0">All Tests</stat>
</total>
<tag>
</tag>
<suite>
<stat pass="0" fail="1" skip="0" id="s1" name="Psp Login">Psp Login</stat>
</suite>
</statistics>
<errors>
</errors>
</robot>
